c:\users\user\desktop\com labs\bank\debug\vc142.pdb
c:\users\user\desktop\com labs\bank\debug\.netframework,version=v4.7.2.assemblyattributes.obj
c:\users\user\desktop\com labs\bank\debug\myform.obj
c:\users\user\desktop\debug\q3.exe
c:\users\user\desktop\debug\q3.pdb
c:\users\user\desktop\com labs\bank\debug\task04.myform.resources
c:\users\user\desktop\q3\debug\q3.vcxproj.generateresource.cache
c:\users\user\desktop\q3\debug\q3.vcxprojassemblyreference.cache
c:\users\user\desktop\q3\debug\.netframework,version=v4.7.2.assemblyattributes.obj
c:\users\user\desktop\q3\debug\myform.obj
c:\users\user\desktop\q3\debug\task04.myform.resources
c:\users\user\desktop\q3\debug\vc142.pdb
c:\users\user\desktop\q3\debug\q3.tlog\cl.command.1.tlog
c:\users\user\desktop\q3\debug\q3.tlog\cl.read.1.tlog
c:\users\user\desktop\q3\debug\q3.tlog\cl.write.1.tlog
c:\users\user\desktop\q3\debug\q3.tlog\link.command.1.tlog
c:\users\user\desktop\q3\debug\q3.tlog\link.read.1.tlog
c:\users\user\desktop\q3\debug\q3.tlog\link.write.1.tlog
c:\users\user\desktop\q3\debug\q3.tlog\metagen.read.1.tlog
c:\users\user\desktop\q3\debug\q3.tlog\metagen.write.1.tlog
c:\users\user\desktop\q3\debug\q3.tlog\q3.write.1u.tlog
